[2025-12-14 21:21:46] WARNING (user_id=1, post_id=1): sunt aut facere repellat provident occaecati excepturi optio reprehenderit
[2025-12-14 21:21:46] INFO (user_id=1, post_id=2): qui est esse
[2025-12-14 21:21:46] ERROR (user_id=1, post_id=3): ea molestias quasi exercitationem repellat qui ipsa sit aut
[2025-12-14 21:21:46] WARNING (user_id=1, post_id=4): eum et est occaecati
[2025-12-14 21:21:46] ERROR (user_id=1, post_id=5): nesciunt quas odio
[2025-12-14 21:21:46] ERROR (user_id=1, post_id=6): dolorem eum magni eos aperiam quia
[2025-12-14 21:21:46] WARNING (user_id=1, post_id=7): magnam facilis autem
[2025-12-14 21:21:46] ERROR (user_id=1, post_id=8): dolorem dolore est ipsam
[2025-12-14 21:21:46] INFO (user_id=1, post_id=9): nesciunt iure omnis dolorem tempora et accusantium
[2025-12-14 21:21:46] ERROR (user_id=1, post_id=10): optio molestias id quia eum
[2025-12-14 21:21:46] WARNING (user_id=2, post_id=11): et ea vero quia laudantium autem
[2025-12-14 21:21:46] INFO (user_id=2, post_id=12): in quibusdam tempore odit est dolorem
[2025-12-14 21:21:46] INFO (user_id=2, post_id=13): dolorum ut in voluptas mollitia et saepe quo animi
[2025-12-14 21:21:46] WARNING (user_id=2, post_id=14): voluptatem eligendi optio
[2025-12-14 21:21:46] INFO (user_id=2, post_id=15): eveniet quod temporibus
[2025-12-14 21:21:46] INFO (user_id=2, post_id=16): sint suscipit perspiciatis velit dolorum rerum ipsa laboriosam odio
[2025-12-14 21:21:46] INFO (user_id=2, post_id=17): fugit voluptas sed molestias voluptatem provident
[2025-12-14 21:21:46] INFO (user_id=2, post_id=18): voluptate et itaque vero tempora molestiae
[2025-12-14 21:21:46] WARNING (user_id=2, post_id=19): adipisci placeat illum aut reiciendis qui
[2025-12-14 21:21:46] INFO (user_id=2, post_id=20): doloribus ad provident suscipit at
[2025-12-14 21:21:46] INFO (user_id=3, post_id=21): asperiores ea ipsam voluptatibus modi minima quia sint
[2025-12-14 21:21:46] WARNING (user_id=3, post_id=22): dolor sint quo a velit explicabo quia nam
[2025-12-14 21:21:46] WARNING (user_id=3, post_id=23): maxime id vitae nihil numquam
[2025-12-14 21:21:46] INFO (user_id=3, post_id=24): autem hic labore sunt dolores incidunt
[2025-12-14 21:21:46] ERROR (user_id=3, post_id=25): rem alias distinctio quo quis
[2025-12-14 21:21:46] INFO (user_id=3, post_id=26): est et quae odit qui non
[2025-12-14 21:21:46] ERROR (user_id=3, post_id=27): quasi id et eos tenetur aut quo autem
[2025-12-14 21:21:46] ERROR (user_id=3, post_id=28): delectus ullam et corporis nulla voluptas sequi
[2025-12-14 21:21:46] INFO (user_id=3, post_id=29): iusto eius quod necessitatibus culpa ea
[2025-12-14 21:21:46] INFO (user_id=3, post_id=30): a quo magni similique perferendis
[2025-12-14 21:21:46] WARNING (user_id=4, post_id=31): ullam ut quidem id aut vel consequuntur
[2025-12-14 21:21:46] ERROR (user_id=4, post_id=32): doloremque illum aliquid sunt
[2025-12-14 21:21:46] ERROR (user_id=4, post_id=33): qui explicabo molestiae dolorem
[2025-12-14 21:21:46] INFO (user_id=4, post_id=34): magnam ut rerum iure
[2025-12-14 21:21:46] ERROR (user_id=4, post_id=35): id nihil consequatur molestias animi provident
[2025-12-14 21:21:46] ERROR (user_id=4, post_id=36): fuga nam accusamus voluptas reiciendis itaque
[2025-12-14 21:21:46] ERROR (user_id=4, post_id=37): provident vel ut sit ratione est
[2025-12-14 21:21:46] WARNING (user_id=4, post_id=38): explicabo et eos deleniti nostrum ab id repellendus
[2025-12-14 21:21:46] WARNING (user_id=4, post_id=39): eos dolorem iste accusantium est eaque quam
[2025-12-14 21:21:46] WARNING (user_id=4, post_id=40): enim quo cumque
[2025-12-14 21:21:46] INFO (user_id=5, post_id=41): non est facere
[2025-12-14 21:21:46] INFO (user_id=5, post_id=42): commodi ullam sint et excepturi error explicabo praesentium voluptas
[2025-12-14 21:21:46] ERROR (user_id=5, post_id=43): eligendi iste nostrum consequuntur adipisci praesentium sit beatae perferendis
[2025-12-14 21:21:46] WARNING (user_id=5, post_id=44): optio dolor molestias sit
[2025-12-14 21:21:46] ERROR (user_id=5, post_id=45): ut numquam possimus omnis eius suscipit laudantium iure
[2025-12-14 21:21:46] INFO (user_id=5, post_id=46): aut quo modi neque nostrum ducimus
[2025-12-14 21:21:46] ERROR (user_id=5, post_id=47): quibusdam cumque rem aut deserunt
[2025-12-14 21:21:46] ERROR (user_id=5, post_id=48): ut voluptatem illum ea doloribus itaque eos
[2025-12-14 21:21:46] ERROR (user_id=5, post_id=49): laborum non sunt aut ut assumenda perspiciatis voluptas
[2025-12-14 21:21:46] ERROR (user_id=5, post_id=50): repellendus qui recusandae incidunt voluptates tenetur qui omnis exercitationem
[2025-12-14 21:21:46] INFO (user_id=6, post_id=51): soluta aliquam aperiam consequatur illo quis voluptas
[2025-12-14 21:21:46] INFO (user_id=6, post_id=52): qui enim et consequuntur quia animi quis voluptate quibusdam
[2025-12-14 21:21:46] INFO (user_id=6, post_id=53): ut quo aut ducimus alias
[2025-12-14 21:21:46] ERROR (user_id=6, post_id=54): sit asperiores ipsam eveniet odio non quia
[2025-12-14 21:21:46] WARNING (user_id=6, post_id=55): sit vel voluptatem et non libero
[2025-12-14 21:21:46] ERROR (user_id=6, post_id=56): qui et at rerum necessitatibus
[2025-12-14 21:21:46] INFO (user_id=6, post_id=57): sed ab est est
[2025-12-14 21:21:46] WARNING (user_id=6, post_id=58): voluptatum itaque dolores nisi et quasi
[2025-12-14 21:21:46] INFO (user_id=6, post_id=59): qui commodi dolor at maiores et quis id accusantium
[2025-12-14 21:21:46] INFO (user_id=6, post_id=60): consequatur placeat omnis quisquam quia reprehenderit fugit veritatis facere
[2025-12-14 21:21:46] INFO (user_id=7, post_id=61): voluptatem doloribus consectetur est ut ducimus
[2025-12-14 21:21:46] INFO (user_id=7, post_id=62): beatae enim quia vel
[2025-12-14 21:21:46] WARNING (user_id=7, post_id=63): voluptas blanditiis repellendus animi ducimus error sapiente et suscipit
[2025-12-14 21:21:46] INFO (user_id=7, post_id=64): et fugit quas eum in in aperiam quod
[2025-12-14 21:21:46] ERROR (user_id=7, post_id=65): consequatur id enim sunt et et
[2025-12-14 21:21:46] ERROR (user_id=7, post_id=66): repudiandae ea animi iusto
[2025-12-14 21:21:46] INFO (user_id=7, post_id=67): aliquid eos sed fuga est maxime repellendus
[2025-12-14 21:21:46] WARNING (user_id=7, post_id=68): odio quis facere architecto reiciendis optio
[2025-12-14 21:21:46] ERROR (user_id=7, post_id=69): fugiat quod pariatur odit minima
[2025-12-14 21:21:46] INFO (user_id=7, post_id=70): voluptatem laborum magni
[2025-12-14 21:21:46] INFO (user_id=8, post_id=71): et iusto veniam et illum aut fuga
[2025-12-14 21:21:46] WARNING (user_id=8, post_id=72): sint hic doloribus consequatur eos non id
[2025-12-14 21:21:46] INFO (user_id=8, post_id=73): consequuntur deleniti eos quia temporibus ab aliquid at
[2025-12-14 21:21:46] WARNING (user_id=8, post_id=74): enim unde ratione doloribus quas enim ut sit sapiente
[2025-12-14 21:21:46] INFO (user_id=8, post_id=75): dignissimos eum dolor ut enim et delectus in
[2025-12-14 21:21:46] INFO (user_id=8, post_id=76): doloremque officiis ad et non perferendis
[2025-12-14 21:21:46] INFO (user_id=8, post_id=77): necessitatibus quasi exercitationem odio
[2025-12-14 21:21:46] INFO (user_id=8, post_id=78): quam voluptatibus rerum veritatis
[2025-12-14 21:21:46] ERROR (user_id=8, post_id=79): pariatur consequatur quia magnam autem omnis non amet
[2025-12-14 21:21:46] WARNING (user_id=8, post_id=80): labore in ex et explicabo corporis aut quas
[2025-12-14 21:21:46] WARNING (user_id=9, post_id=81): tempora rem veritatis voluptas quo dolores vero
[2025-12-14 21:21:46] INFO (user_id=9, post_id=82): laudantium voluptate suscipit sunt enim enim
[2025-12-14 21:21:46] INFO (user_id=9, post_id=83): odit et voluptates doloribus alias odio et
[2025-12-14 21:21:46] WARNING (user_id=9, post_id=84): optio ipsam molestias necessitatibus occaecati facilis veritatis dolores aut
[2025-12-14 21:21:46] ERROR (user_id=9, post_id=85): dolore veritatis porro provident adipisci blanditiis et sunt
[2025-12-14 21:21:46] ERROR (user_id=9, post_id=86): placeat quia et porro iste
[2025-12-14 21:21:46] WARNING (user_id=9, post_id=87): nostrum quis quasi placeat
[2025-12-14 21:21:46] INFO (user_id=9, post_id=88): sapiente omnis fugit eos
[2025-12-14 21:21:46] INFO (user_id=9, post_id=89): sint soluta et vel magnam aut ut sed qui
[2025-12-14 21:21:46] WARNING (user_id=9, post_id=90): ad iusto omnis odit dolor voluptatibus
[2025-12-14 21:21:46] ERROR (user_id=10, post_id=91): aut amet sed
[2025-12-14 21:21:46] WARNING (user_id=10, post_id=92): ratione ex tenetur perferendis
[2025-12-14 21:21:46] INFO (user_id=10, post_id=93): beatae soluta recusandae
[2025-12-14 21:21:46] WARNING (user_id=10, post_id=94): qui qui voluptates illo iste minima
[2025-12-14 21:21:46] ERROR (user_id=10, post_id=95): id minus libero illum nam ad officiis
[2025-12-14 21:21:46] WARNING (user_id=10, post_id=96): quaerat velit veniam amet cupiditate aut numquam ut sequi
[2025-12-14 21:21:46] INFO (user_id=10, post_id=97): quas fugiat ut perspiciatis vero provident
[2025-12-14 21:21:46] INFO (user_id=10, post_id=98): laboriosam dolor voluptates
[2025-12-14 21:21:46] ERROR (user_id=10, post_id=99): temporibus sit alias delectus eligendi possimus magni
[2025-12-14 21:21:46] WARNING (user_id=10, post_id=100): at nam consequatur ea labore ea harum